[0m2022-12-04 15:04:56 V/Net 123456: No server list cached.[0m
[92m2022-12-04 15:04:56 I/Net 123456: ECDH key is invalid, start to fetch ecdh public key from server.[0m
[92m2022-12-04 15:04:56 I/Net 123456: Successfully fetched ecdh public key from server.[0m
[0m2022-12-04 15:04:56 V/Net 123456: Send: wtlogin.login(9:password-login)[0m
[0m2022-12-04 15:04:56 V/Net 123456: Recv: wtlogin.login[0m
[0m2022-12-04 15:05:17 V/Net 123456: Send: wtlogin.login(2:submit-slider)[0m
[0m2022-12-04 15:05:17 V/Net 123456: Recv: wtlogin.login[0m
[91m2022-12-04 15:05:17 W/Net 123456: Exception in resumeConnection.
net.mamoe.mirai.internal.network.components.LoginFailedExceptionAsNetworkException: Error(bot=Bot(123456), code=237, title=å®‰å…¨æé†’, message=å½“å‰ç½‘ç»œä¸ç¨³å®šï¼Œç™»å½•å¤±è´¥ã€‚æ¨èä½¿ç”¨å¸¸ç”¨è®¾å¤‡æˆ–é€šè¿‡æ‰‹æœºå·ç™»å½•ã€‚, errorInfo=)
	at net.mamoe.mirai.internal.network.handler.CommonNetworkHandler$StateConnecting$startState$2.invokeSuspend(CommonNetworkHandler.kt:248)
	at kotlin.coroutines.jvm.internal.BaseContinuationImpl.resumeWith(ContinuationImpl.kt:33)
	at kotlinx.coroutines.internal.ScopeCoroutine.afterResume(Scopes.kt:33)
	at kotlinx.coroutines.AbstractCoroutine.resumeWith(AbstractCoroutine.kt:102)
	at kotlin.coroutines.jvm.internal.BaseContinuationImpl.resumeWith(ContinuationImpl.kt:46)
	at kotlinx.coroutines.DispatchedTask.run(DispatchedTask.kt:106)
	at kotlinx.coroutines.scheduling.CoroutineScheduler.runSafely(CoroutineScheduler.kt:570)
	at kotlinx.coroutines.scheduling.CoroutineScheduler$Worker.executeTask(CoroutineScheduler.kt:750)
	at kotlinx.coroutines.scheduling.CoroutineScheduler$Worker.runWorker(CoroutineScheduler.kt:677)
	at kotlinx.coroutines.scheduling.CoroutineScheduler$Worker.run(CoroutineScheduler.kt:664)
Caused by: net.mamoe.mirai.network.WrongPasswordException: Error(bot=Bot(123456), code=237, title=å®‰å…¨æé†’, message=å½“å‰ç½‘ç»œä¸ç¨³å®šï¼Œç™»å½•å¤±è´¥ã€‚æ¨èä½¿ç”¨å¸¸ç”¨è®¾å¤‡æˆ–é€šè¿‡æ‰‹æœºå·ç™»å½•ã€‚, errorInfo=)
	at net.mamoe.mirai.internal.network.components.SsoProcessorImpl$SlowLoginImpl.doLogin(SsoProcessor.kt:309)
	at net.mamoe.mirai.internal.network.components.SsoProcessorImpl$SlowLoginImpl$doLogin$1.invokeSuspend(SsoProcessor.kt)
	... 9 more
[0m
[91m2022-12-04 15:05:17 W/Net 123456: Network selector received exception, closing bot. (net.mamoe.mirai.internal.network.components.LoginFailedExceptionAsNetworkException: Error(bot=Bot(123456), code=237, title=å®‰å…¨æé†’, message=å½“å‰ç½‘ç»œä¸ç¨³å®šï¼Œç™»å½•å¤±è´¥ã€‚æ¨èä½¿ç”¨å¸¸ç”¨è®¾å¤‡æˆ–é€šè¿‡æ‰‹æœºå·ç™»å½•ã€‚, errorInfo=))[0m
[0m2022-12-04 15:11:23 V/Net 123456: No server list cached.[0m
[92m2022-12-04 15:11:23 I/Net 123456: ECDH key is invalid, start to fetch ecdh public key from server.[0m
[92m2022-12-04 15:11:23 I/Net 123456: Successfully fetched ecdh public key from server.[0m
[0m2022-12-04 15:11:23 V/Net 123456: Send: wtlogin.login(9:password-login)[0m
[0m2022-12-04 15:11:23 V/Net 123456: Recv: wtlogin.login[0m
[0m2022-12-04 15:12:06 V/Net 123456: Send: wtlogin.login(2:submit-slider)[0m
[0m2022-12-04 15:12:06 V/Net 123456: Recv: wtlogin.login[0m
[91m2022-12-04 15:12:06 W/Net 123456: Exception in resumeConnection.
net.mamoe.mirai.internal.network.components.LoginFailedExceptionAsNetworkException: Error(bot=Bot(123456), code=237, title=å®‰å…¨æé†’, message=å½“å‰ç½‘ç»œä¸ç¨³å®šï¼Œç™»å½•å¤±è´¥ã€‚æ¨èä½¿ç”¨å¸¸ç”¨è®¾å¤‡æˆ–é€šè¿‡æ‰‹æœºå·ç™»å½•ã€‚, errorInfo=)
	at net.mamoe.mirai.internal.network.handler.CommonNetworkHandler$StateConnecting$startState$2.invokeSuspend(CommonNetworkHandler.kt:248)
	at kotlin.coroutines.jvm.internal.BaseContinuationImpl.resumeWith(ContinuationImpl.kt:33)
	at kotlinx.coroutines.internal.ScopeCoroutine.afterResume(Scopes.kt:33)
	at kotlinx.coroutines.AbstractCoroutine.resumeWith(AbstractCoroutine.kt:102)
	at kotlin.coroutines.jvm.internal.BaseContinuationImpl.resumeWith(ContinuationImpl.kt:46)
	at kotlinx.coroutines.DispatchedTask.run(DispatchedTask.kt:106)
	at kotlinx.coroutines.scheduling.CoroutineScheduler.runSafely(CoroutineScheduler.kt:570)
	at kotlinx.coroutines.scheduling.CoroutineScheduler$Worker.executeTask(CoroutineScheduler.kt:750)
	at kotlinx.coroutines.scheduling.CoroutineScheduler$Worker.runWorker(CoroutineScheduler.kt:677)
	at kotlinx.coroutines.scheduling.CoroutineScheduler$Worker.run(CoroutineScheduler.kt:664)
Caused by: net.mamoe.mirai.network.WrongPasswordException: Error(bot=Bot(123456), code=237, title=å®‰å…¨æé†’, message=å½“å‰ç½‘ç»œä¸ç¨³å®šï¼Œç™»å½•å¤±è´¥ã€‚æ¨èä½¿ç”¨å¸¸ç”¨è®¾å¤‡æˆ–é€šè¿‡æ‰‹æœºå·ç™»å½•ã€‚, errorInfo=)
	at net.mamoe.mirai.internal.network.components.SsoProcessorImpl$SlowLoginImpl.doLogin(SsoProcessor.kt:309)
	at net.mamoe.mirai.internal.network.components.SsoProcessorImpl$SlowLoginImpl$doLogin$1.invokeSuspend(SsoProcessor.kt)
	... 9 more
[0m
[91m2022-12-04 15:12:06 W/Net 123456: Network selector received exception, closing bot. (net.mamoe.mirai.internal.network.components.LoginFailedExceptionAsNetworkException: Error(bot=Bot(123456), code=237, title=å®‰å…¨æé†’, message=å½“å‰ç½‘ç»œä¸ç¨³å®šï¼Œç™»å½•å¤±è´¥ã€‚æ¨èä½¿ç”¨å¸¸ç”¨è®¾å¤‡æˆ–é€šè¿‡æ‰‹æœºå·ç™»å½•ã€‚, errorInfo=))[0m
[0m2022-12-04 15:13:27 V/Net 123456: No server list cached.[0m
[92m2022-12-04 15:13:27 I/Net 123456: ECDH key is invalid, start to fetch ecdh public key from server.[0m
[92m2022-12-04 15:13:27 I/Net 123456: Successfully fetched ecdh public key from server.[0m
[0m2022-12-04 15:13:27 V/Net 123456: Send: wtlogin.login(9:password-login)[0m
[0m2022-12-04 15:13:27 V/Net 123456: Recv: wtlogin.login[0m
[0m2022-12-04 15:13:34 V/Net 123456: Send: wtlogin.login(2:submit-slider)[0m
[0m2022-12-04 15:13:34 V/Net 123456: Recv: wtlogin.login[0m
[91m2022-12-04 15:13:34 W/Net 123456: Exception in resumeConnection.
net.mamoe.mirai.internal.network.components.LoginFailedExceptionAsNetworkException: Error(bot=Bot(123456), code=237, title=å®‰å…¨æé†’, message=å½“å‰ç½‘ç»œä¸ç¨³å®šï¼Œç™»å½•å¤±è´¥ã€‚æ¨èä½¿ç”¨å¸¸ç”¨è®¾å¤‡æˆ–é€šè¿‡æ‰‹æœºå·ç™»å½•ã€‚, errorInfo=)
	at net.mamoe.mirai.internal.network.handler.CommonNetworkHandler$StateConnecting$startState$2.invokeSuspend(CommonNetworkHandler.kt:248)
	at kotlin.coroutines.jvm.internal.BaseContinuationImpl.resumeWith(ContinuationImpl.kt:33)
	at kotlinx.coroutines.internal.ScopeCoroutine.afterResume(Scopes.kt:33)
	at kotlinx.coroutines.AbstractCoroutine.resumeWith(AbstractCoroutine.kt:102)
	at kotlin.coroutines.jvm.internal.BaseContinuationImpl.resumeWith(ContinuationImpl.kt:46)
	at kotlinx.coroutines.DispatchedTask.run(DispatchedTask.kt:106)
	at kotlinx.coroutines.scheduling.CoroutineScheduler.runSafely(CoroutineScheduler.kt:570)
	at kotlinx.coroutines.scheduling.CoroutineScheduler$Worker.executeTask(CoroutineScheduler.kt:750)
	at kotlinx.coroutines.scheduling.CoroutineScheduler$Worker.runWorker(CoroutineScheduler.kt:677)
	at kotlinx.coroutines.scheduling.CoroutineScheduler$Worker.run(CoroutineScheduler.kt:664)
Caused by: net.mamoe.mirai.network.WrongPasswordException: Error(bot=Bot(123456), code=237, title=å®‰å…¨æé†’, message=å½“å‰ç½‘ç»œä¸ç¨³å®šï¼Œç™»å½•å¤±è´¥ã€‚æ¨èä½¿ç”¨å¸¸ç”¨è®¾å¤‡æˆ–é€šè¿‡æ‰‹æœºå·ç™»å½•ã€‚, errorInfo=)
	at net.mamoe.mirai.internal.network.components.SsoProcessorImpl$SlowLoginImpl.doLogin(SsoProcessor.kt:309)
	at net.mamoe.mirai.internal.network.components.SsoProcessorImpl$SlowLoginImpl$doLogin$1.invokeSuspend(SsoProcessor.kt)
	... 9 more
[0m
[91m2022-12-04 15:13:34 W/Net 123456: Network selector received exception, closing bot. (net.mamoe.mirai.internal.network.components.LoginFailedExceptionAsNetworkException: Error(bot=Bot(123456), code=237, title=å®‰å…¨æé†’, message=å½“å‰ç½‘ç»œä¸ç¨³å®šï¼Œç™»å½•å¤±è´¥ã€‚æ¨èä½¿ç”¨å¸¸ç”¨è®¾å¤‡æˆ–é€šè¿‡æ‰‹æœºå·ç™»å½•ã€‚, errorInfo=))[0m
