2022-12-03 15:46:43 I/main: Starting mirai-console...
2022-12-03 15:46:43 I/main: 

==================================[ Mirai consosle 2.13.0 ]===================================
 __       __ __                   __  ______                                      __
|  \     /  \  \                 |  \/      \                                    |  \
| ▓▓\   /  ▓▓\▓▓ ______   ______  \▓▓  ▓▓▓▓▓▓\ ______  _______   _______  ______ | ▓▓ ______
| ▓▓▓\ /  ▓▓▓  \/      \ |      \|  \ ▓▓   \▓▓/      \|       \ /       \/      \| ▓▓/      \
| ▓▓▓▓\  ▓▓▓▓ ▓▓  ▓▓▓▓▓▓\ \▓▓▓▓▓▓\ ▓▓ ▓▓     |  ▓▓▓▓▓▓\ ▓▓▓▓▓▓▓\  ▓▓▓▓▓▓▓  ▓▓▓▓▓▓\ ▓▓  ▓▓▓▓▓▓\
| ▓▓\▓▓ ▓▓ ▓▓ ▓▓ ▓▓   \▓▓/      ▓▓ ▓▓ ▓▓   __| ▓▓  | ▓▓ ▓▓  | ▓▓\▓▓    \| ▓▓  | ▓▓ ▓▓ ▓▓    ▓▓
| ▓▓ \▓▓▓| ▓▓ ▓▓ ▓▓     |  ▓▓▓▓▓▓▓ ▓▓ ▓▓__/  \ ▓▓__/ ▓▓ ▓▓  | ▓▓_\▓▓▓▓▓▓\ ▓▓__/ ▓▓ ▓▓ ▓▓▓▓▓▓▓▓
| ▓▓  \▓ | ▓▓ ▓▓ ▓▓      \▓▓    ▓▓ ▓▓\▓▓    ▓▓\▓▓    ▓▓ ▓▓  | ▓▓       ▓▓\▓▓    ▓▓ ▓▓\▓▓     \
 \▓▓      \▓▓\▓▓\▓▓       \▓▓▓▓▓▓▓\▓▓ \▓▓▓▓▓▓  \▓▓▓▓▓▓ \▓▓   \▓▓\▓▓▓▓▓▓▓  \▓▓▓▓▓▓ \▓▓ \▓▓▓▓▓▓▓


2022-12-03 15:46:43 I/main: Backend: version 2.13.0, built on 2022-11-01 10:47:11.
2022-12-03 15:46:43 I/main: Frontend Terminal: version 2.13.0, provided by Mamoe Technologies
2022-12-03 15:46:43 I/main: Welcome to visit https://mirai.mamoe.net/
2022-12-03 15:46:43 W/MultiFilePluginDataStorageImpl: Could not save AutoLogin in YAML format due to exception in YAML encoder. Please report this exception and relevant configurations to https://github.com/mamoe/mirai/issues/new/choose
java.util.ServiceConfigurationError: net.mamoe.mirai.IMirai: Provider net.mamoe.mirai.internal.MiraiImpl could not be instantiated
	at java.util.ServiceLoader.fail(ServiceLoader.java:232)
	at java.util.ServiceLoader.access$100(ServiceLoader.java:185)
	at java.util.ServiceLoader$LazyIterator.nextService(ServiceLoader.java:384)
	at java.util.ServiceLoader$LazyIterator.next(ServiceLoader.java:404)
	at java.util.ServiceLoader$1.next(ServiceLoader.java:480)
	at kotlin.collections.CollectionsKt___CollectionsKt.firstOrNull(_Collections.kt:272)
	at net.mamoe.mirai.utils.ServicesKt.loadService(Services.kt:18)
	at net.mamoe.mirai.Mirai.findMiraiInstance(IMirai.kt:357)
	at net.mamoe.mirai._MiraiInstance.get(IMirai.kt:348)
	at net.mamoe.mirai.Mirai.getInstance(IMirai.kt:39)
	at net.mamoe.mirai.internal.message.MessageSerializersImpl.getSerializersModule(MessageSerializersImpl.kt:65)
	at net.mamoe.mirai.message.MessageSerializers$INSTANCE.getSerializersModule(MessageSerializers.kt)
	at net.mamoe.mirai.console.internal.data.MultiFilePluginDataStorageImpl$createYaml$1.invoke(MultiFilePluginDataStorageImpl.kt:114)
	at net.mamoe.mirai.console.internal.data.MultiFilePluginDataStorageImpl$createYaml$1.invoke(MultiFilePluginDataStorageImpl.kt:112)
	at net.mamoe.yamlkt.YamlKt.Yaml(Yaml.kt:242)
	at net.mamoe.yamlkt.YamlKt.Yaml$default(Yaml.kt:240)
	at net.mamoe.mirai.console.internal.data.MultiFilePluginDataStorageImpl.createYaml(MultiFilePluginDataStorageImpl.kt:112)
	at net.mamoe.mirai.console.internal.data.MultiFilePluginDataStorageImpl.store(MultiFilePluginDataStorageImpl.kt:85)
	at net.mamoe.mirai.console.internal.data.MultiFilePluginDataStorageImpl.load(MultiFilePluginDataStorageImpl.kt:52)
	at net.mamoe.mirai.console.internal.data.builtins.ConsoleDataScopeImpl.addAndReloadConfig(ConsoleDataScopeImpl.kt:41)
	at net.mamoe.mirai.console.internal.MiraiConsoleImplementationBridge.doStart$mirai_console(MiraiConsoleImplementationBridge.kt:265)
	at net.mamoe.mirai.console.MiraiConsoleImplementation$Companion.start(MiraiConsoleImplementation.kt:508)
	at net.mamoe.mirai.console.terminal.MiraiConsoleTerminalLoader.startAsDaemon(MiraiConsoleTerminalLoader.kt:177)
	at net.mamoe.mirai.console.terminal.MiraiConsoleTerminalLoader.startAsDaemon$default(MiraiConsoleTerminalLoader.kt:176)
	at org.co2dice.mirai.plugin.RunMiraiKt.main(RunMirai.kt:10)
	at org.co2dice.mirai.plugin.RunMiraiKt$main$2.invoke(RunMirai.kt)
	at org.co2dice.mirai.plugin.RunMiraiKt$main$2.invoke(RunMirai.kt)
	at kotlin.coroutines.intrinsics.IntrinsicsKt__IntrinsicsJvmKt$createCoroutineUnintercepted$$inlined$createCoroutineFromSuspendFunction$IntrinsicsKt__IntrinsicsJvmKt$1.invokeSuspend(IntrinsicsJvm.kt:205)
	at kotlin.coroutines.jvm.internal.BaseContinuationImpl.resumeWith(ContinuationImpl.kt:33)
	at kotlin.coroutines.ContinuationKt.startCoroutine(Continuation.kt:115)
	at kotlin.coroutines.jvm.internal.RunSuspendKt.runSuspend(RunSuspend.kt:19)
	at org.co2dice.mirai.plugin.RunMiraiKt.main(RunMirai.kt)
Caused by: java.util.ServiceConfigurationError: net.mamoe.mirai.IMirai: Provider net.mamoe.mirai.internal.MiraiImpl could not be instantiated
	at java.util.ServiceLoader.fail(ServiceLoader.java:232)
	at java.util.ServiceLoader.access$100(ServiceLoader.java:185)
	at java.util.ServiceLoader$LazyIterator.nextService(ServiceLoader.java:384)
	at java.util.ServiceLoader$LazyIterator.next(ServiceLoader.java:404)
	at java.util.ServiceLoader$1.next(ServiceLoader.java:480)
	at kotlin.collections.CollectionsKt___CollectionsKt.firstOrNull(_Collections.kt:272)
	at net.mamoe.mirai.utils.ServicesKt.loadService(Services.kt:18)
	at net.mamoe.mirai.Mirai.findMiraiInstance(IMirai.kt:357)
	at net.mamoe.mirai._MiraiInstance.get(IMirai.kt:348)
	at net.mamoe.mirai.Mirai.getInstance(IMirai.kt:39)
	at net.mamoe.mirai.internal.message.MessageSerializersImpl.getSerializersModule(MessageSerializersImpl.kt:65)
	at net.mamoe.mirai.internal.message.MessageSerializersImpl.registerSerializers(MessageSerializersImpl.kt:76)
	at net.mamoe.mirai.message.MessageSerializers$INSTANCE.registerSerializers(MessageSerializers.kt)
	at net.mamoe.mirai.internal.message.protocol.MessageProtocolFacade.<clinit>(MessageProtocolFacade.kt:165)
	at net.mamoe.mirai.internal.MiraiImplKt._MiraiImpl_static_init(MiraiImpl.kt:25)
	at net.mamoe.mirai.internal.MiraiImpl.<clinit>(MiraiImpl.kt:87)
	at sun.reflect.NativeConstructorAccessorImpl.newInstance0(Native Method)
	at sun.reflect.NativeConstructorAccessorImpl.newInstance(NativeConstructorAccessorImpl.java:62)
	at sun.reflect.DelegatingConstructorAccessorImpl.newInstance(DelegatingConstructorAccessorImpl.java:45)
	at java.lang.reflect.Constructor.newInstance(Constructor.java:423)
	at java.lang.Class.newInstance(Class.java:442)
	at java.util.ServiceLoader$LazyIterator.nextService(ServiceLoader.java:380)
	... 29 more
Caused by: java.lang.NoClassDefFoundError: net/mamoe/mirai/internal/deps/io/ktor/client/engine/okhttp/OkHttp
	at net.mamoe.mirai.internal.MiraiImplKt.createDefaultHttpClient(MiraiImpl.kt:29)
	at net.mamoe.mirai.internal.MiraiImpl.<init>(MiraiImpl.kt:97)
	at sun.reflect.NativeConstructorAccessorImpl.newInstance0(Native Method)
	at sun.reflect.NativeConstructorAccessorImpl.newInstance(NativeConstructorAccessorImpl.java:62)
	at sun.reflect.DelegatingConstructorAccessorImpl.newInstance(DelegatingConstructorAccessorImpl.java:45)
	at java.lang.reflect.Constructor.newInstance(Constructor.java:423)
	at java.lang.Class.newInstance(Class.java:442)
	at java.util.ServiceLoader$LazyIterator.nextService(ServiceLoader.java:380)
	... 48 more
Caused by: java.lang.ClassNotFoundException: net.mamoe.mirai.internal.deps.io.ktor.client.engine.okhttp.OkHttp
	at java.net.URLClassLoader.findClass(URLClassLoader.java:381)
	at java.lang.ClassLoader.loadClass(ClassLoader.java:424)
	at sun.misc.Launcher$AppClassLoader.loadClass(Launcher.java:331)
	at java.lang.ClassLoader.loadClass(ClassLoader.java:357)
	... 56 more

2022-12-03 15:46:43 E/main: Failed to init MiraiConsole.
java.lang.IllegalStateException: Exception while saving net.mamoe.mirai.console.internal.data.builtins.AutoLoginConfig@4dc8c0ea, saveName=AutoLogin
	at net.mamoe.mirai.console.internal.data.MultiFilePluginDataStorageImpl.store(MultiFilePluginDataStorageImpl.kt:105)
	at net.mamoe.mirai.console.internal.data.MultiFilePluginDataStorageImpl.load(MultiFilePluginDataStorageImpl.kt:52)
	at net.mamoe.mirai.console.internal.data.builtins.ConsoleDataScopeImpl.addAndReloadConfig(ConsoleDataScopeImpl.kt:41)
	at net.mamoe.mirai.console.internal.MiraiConsoleImplementationBridge.doStart$mirai_console(MiraiConsoleImplementationBridge.kt:265)
	at net.mamoe.mirai.console.MiraiConsoleImplementation$Companion.start(MiraiConsoleImplementation.kt:508)
	at net.mamoe.mirai.console.terminal.MiraiConsoleTerminalLoader.startAsDaemon(MiraiConsoleTerminalLoader.kt:177)
	at net.mamoe.mirai.console.terminal.MiraiConsoleTerminalLoader.startAsDaemon$default(MiraiConsoleTerminalLoader.kt:176)
	at org.co2dice.mirai.plugin.RunMiraiKt.main(RunMirai.kt:10)
	at org.co2dice.mirai.plugin.RunMiraiKt$main$2.invoke(RunMirai.kt)
	at org.co2dice.mirai.plugin.RunMiraiKt$main$2.invoke(RunMirai.kt)
	at kotlin.coroutines.intrinsics.IntrinsicsKt__IntrinsicsJvmKt$createCoroutineUnintercepted$$inlined$createCoroutineFromSuspendFunction$IntrinsicsKt__IntrinsicsJvmKt$1.invokeSuspend(IntrinsicsJvm.kt:205)
	at kotlin.coroutines.jvm.internal.BaseContinuationImpl.resumeWith(ContinuationImpl.kt:33)
	at kotlin.coroutines.ContinuationKt.startCoroutine(Continuation.kt:115)
	at kotlin.coroutines.jvm.internal.RunSuspendKt.runSuspend(RunSuspend.kt:19)
	at org.co2dice.mirai.plugin.RunMiraiKt.main(RunMirai.kt)
Caused by: java.util.ServiceConfigurationError: net.mamoe.mirai.IMirai: Provider net.mamoe.mirai.internal.MiraiImpl could not be instantiated
	at java.util.ServiceLoader.fail(ServiceLoader.java:232)
	at java.util.ServiceLoader.access$100(ServiceLoader.java:185)
	at java.util.ServiceLoader$LazyIterator.nextService(ServiceLoader.java:384)
	at java.util.ServiceLoader$LazyIterator.next(ServiceLoader.java:404)
	at java.util.ServiceLoader$1.next(ServiceLoader.java:480)
	at kotlin.collections.CollectionsKt___CollectionsKt.firstOrNull(_Collections.kt:272)
	at net.mamoe.mirai.utils.ServicesKt.loadService(Services.kt:18)
	at net.mamoe.mirai.Mirai.findMiraiInstance(IMirai.kt:357)
	at net.mamoe.mirai._MiraiInstance.get(IMirai.kt:348)
	at net.mamoe.mirai.Mirai.getInstance(IMirai.kt:39)
	at net.mamoe.mirai.internal.message.MessageSerializersImpl.getSerializersModule(MessageSerializersImpl.kt:65)
	at net.mamoe.mirai.message.MessageSerializers$INSTANCE.getSerializersModule(MessageSerializers.kt)
	at net.mamoe.mirai.console.internal.data.MultiFilePluginDataStorageImpl$store$2$1.invoke(MultiFilePluginDataStorageImpl.kt:96)
	at net.mamoe.mirai.console.internal.data.MultiFilePluginDataStorageImpl$store$2$1.invoke(MultiFilePluginDataStorageImpl.kt:95)
	at kotlinx.serialization.json.JsonKt.Json(Json.kt:138)
	at kotlinx.serialization.json.JsonKt.Json$default(Json.kt:136)
	at net.mamoe.mirai.console.internal.data.MultiFilePluginDataStorageImpl.store(MultiFilePluginDataStorageImpl.kt:95)
	... 14 more
Caused by: java.lang.NoClassDefFoundError: Could not initialize class net.mamoe.mirai.internal.MiraiImpl
	at sun.reflect.NativeConstructorAccessorImpl.newInstance0(Native Method)
	at sun.reflect.NativeConstructorAccessorImpl.newInstance(NativeConstructorAccessorImpl.java:62)
	at sun.reflect.DelegatingConstructorAccessorImpl.newInstance(DelegatingConstructorAccessorImpl.java:45)
	at java.lang.reflect.Constructor.newInstance(Constructor.java:423)
	at java.lang.Class.newInstance(Class.java:442)
	at java.util.ServiceLoader$LazyIterator.nextService(ServiceLoader.java:380)
	... 28 more

2022-12-03 15:47:32 I/main: Starting mirai-console...
2022-12-03 15:47:32 I/main: 

==================================[ Mirai consosle 2.13.0 ]===================================
 __       __ __                   __  ______                                      __
|  \     /  \  \                 |  \/      \                                    |  \
| ▓▓\   /  ▓▓\▓▓ ______   ______  \▓▓  ▓▓▓▓▓▓\ ______  _______   _______  ______ | ▓▓ ______
| ▓▓▓\ /  ▓▓▓  \/      \ |      \|  \ ▓▓   \▓▓/      \|       \ /       \/      \| ▓▓/      \
| ▓▓▓▓\  ▓▓▓▓ ▓▓  ▓▓▓▓▓▓\ \▓▓▓▓▓▓\ ▓▓ ▓▓     |  ▓▓▓▓▓▓\ ▓▓▓▓▓▓▓\  ▓▓▓▓▓▓▓  ▓▓▓▓▓▓\ ▓▓  ▓▓▓▓▓▓\
| ▓▓\▓▓ ▓▓ ▓▓ ▓▓ ▓▓   \▓▓/      ▓▓ ▓▓ ▓▓   __| ▓▓  | ▓▓ ▓▓  | ▓▓\▓▓    \| ▓▓  | ▓▓ ▓▓ ▓▓    ▓▓
| ▓▓ \▓▓▓| ▓▓ ▓▓ ▓▓     |  ▓▓▓▓▓▓▓ ▓▓ ▓▓__/  \ ▓▓__/ ▓▓ ▓▓  | ▓▓_\▓▓▓▓▓▓\ ▓▓__/ ▓▓ ▓▓ ▓▓▓▓▓▓▓▓
| ▓▓  \▓ | ▓▓ ▓▓ ▓▓      \▓▓    ▓▓ ▓▓\▓▓    ▓▓\▓▓    ▓▓ ▓▓  | ▓▓       ▓▓\▓▓    ▓▓ ▓▓\▓▓     \
 \▓▓      \▓▓\▓▓\▓▓       \▓▓▓▓▓▓▓\▓▓ \▓▓▓▓▓▓  \▓▓▓▓▓▓ \▓▓   \▓▓\▓▓▓▓▓▓▓  \▓▓▓▓▓▓ \▓▓ \▓▓▓▓▓▓▓


2022-12-03 15:47:32 I/main: Backend: version 2.13.0, built on 2022-11-01 10:47:11.
2022-12-03 15:47:32 I/main: Frontend Terminal: version 2.13.0, provided by Mamoe Technologies
2022-12-03 15:47:32 I/main: Welcome to visit https://mirai.mamoe.net/
2022-12-03 15:47:32 W/MultiFilePluginDataStorageImpl: Could not save AutoLogin in YAML format due to exception in YAML encoder. Please report this exception and relevant configurations to https://github.com/mamoe/mirai/issues/new/choose
java.util.ServiceConfigurationError: net.mamoe.mirai.IMirai: Provider net.mamoe.mirai.internal.MiraiImpl could not be instantiated
	at java.base/java.util.ServiceLoader.fail(ServiceLoader.java:586)
	at java.base/java.util.ServiceLoader$ProviderImpl.newInstance(ServiceLoader.java:813)
	at java.base/java.util.ServiceLoader$ProviderImpl.get(ServiceLoader.java:729)
	at java.base/java.util.ServiceLoader$3.next(ServiceLoader.java:1403)
	at kotlin.collections.CollectionsKt___CollectionsKt.firstOrNull(_Collections.kt:272)
	at net.mamoe.mirai.utils.ServicesKt.loadService(Services.kt:18)
	at net.mamoe.mirai.Mirai.findMiraiInstance(IMirai.kt:357)
	at net.mamoe.mirai._MiraiInstance.get(IMirai.kt:348)
	at net.mamoe.mirai.Mirai.getInstance(IMirai.kt:39)
	at net.mamoe.mirai.internal.message.MessageSerializersImpl.getSerializersModule(MessageSerializersImpl.kt:65)
	at net.mamoe.mirai.message.MessageSerializers$INSTANCE.getSerializersModule(MessageSerializers.kt)
	at net.mamoe.mirai.console.internal.data.MultiFilePluginDataStorageImpl$createYaml$1.invoke(MultiFilePluginDataStorageImpl.kt:114)
	at net.mamoe.mirai.console.internal.data.MultiFilePluginDataStorageImpl$createYaml$1.invoke(MultiFilePluginDataStorageImpl.kt:112)
	at net.mamoe.yamlkt.YamlKt.Yaml(Yaml.kt:242)
	at net.mamoe.yamlkt.YamlKt.Yaml$default(Yaml.kt:240)
	at net.mamoe.mirai.console.internal.data.MultiFilePluginDataStorageImpl.createYaml(MultiFilePluginDataStorageImpl.kt:112)
	at net.mamoe.mirai.console.internal.data.MultiFilePluginDataStorageImpl.store(MultiFilePluginDataStorageImpl.kt:85)
	at net.mamoe.mirai.console.internal.data.MultiFilePluginDataStorageImpl.load(MultiFilePluginDataStorageImpl.kt:52)
	at net.mamoe.mirai.console.internal.data.builtins.ConsoleDataScopeImpl.addAndReloadConfig(ConsoleDataScopeImpl.kt:41)
	at net.mamoe.mirai.console.internal.MiraiConsoleImplementationBridge.doStart$mirai_console(MiraiConsoleImplementationBridge.kt:265)
	at net.mamoe.mirai.console.MiraiConsoleImplementation$Companion.start(MiraiConsoleImplementation.kt:508)
	at net.mamoe.mirai.console.terminal.MiraiConsoleTerminalLoader.startAsDaemon(MiraiConsoleTerminalLoader.kt:177)
	at net.mamoe.mirai.console.terminal.MiraiConsoleTerminalLoader.startAsDaemon$default(MiraiConsoleTerminalLoader.kt:176)
	at org.co2dice.mirai.plugin.RunMiraiKt.main(RunMirai.kt:10)
	at org.co2dice.mirai.plugin.RunMiraiKt$main$2.invoke(RunMirai.kt)
	at org.co2dice.mirai.plugin.RunMiraiKt$main$2.invoke(RunMirai.kt)
	at kotlin.coroutines.intrinsics.IntrinsicsKt__IntrinsicsJvmKt$createCoroutineUnintercepted$$inlined$createCoroutineFromSuspendFunction$IntrinsicsKt__IntrinsicsJvmKt$1.invokeSuspend(IntrinsicsJvm.kt:205)
	at kotlin.coroutines.jvm.internal.BaseContinuationImpl.resumeWith(ContinuationImpl.kt:33)
	at kotlin.coroutines.ContinuationKt.startCoroutine(Continuation.kt:115)
	at kotlin.coroutines.jvm.internal.RunSuspendKt.runSuspend(RunSuspend.kt:19)
	at org.co2dice.mirai.plugin.RunMiraiKt.main(RunMirai.kt)
Caused by: java.util.ServiceConfigurationError: net.mamoe.mirai.IMirai: Provider net.mamoe.mirai.internal.MiraiImpl could not be instantiated
	at java.base/java.util.ServiceLoader.fail(ServiceLoader.java:586)
	at java.base/java.util.ServiceLoader$ProviderImpl.newInstance(ServiceLoader.java:813)
	at java.base/java.util.ServiceLoader$ProviderImpl.get(ServiceLoader.java:729)
	at java.base/java.util.ServiceLoader$3.next(ServiceLoader.java:1403)
	at kotlin.collections.CollectionsKt___CollectionsKt.firstOrNull(_Collections.kt:272)
	at net.mamoe.mirai.utils.ServicesKt.loadService(Services.kt:18)
	at net.mamoe.mirai.Mirai.findMiraiInstance(IMirai.kt:357)
	at net.mamoe.mirai._MiraiInstance.get(IMirai.kt:348)
	at net.mamoe.mirai.Mirai.getInstance(IMirai.kt:39)
	at net.mamoe.mirai.internal.message.MessageSerializersImpl.getSerializersModule(MessageSerializersImpl.kt:65)
	at net.mamoe.mirai.internal.message.MessageSerializersImpl.registerSerializers(MessageSerializersImpl.kt:76)
	at net.mamoe.mirai.message.MessageSerializers$INSTANCE.registerSerializers(MessageSerializers.kt)
	at net.mamoe.mirai.internal.message.protocol.MessageProtocolFacade.<clinit>(MessageProtocolFacade.kt:165)
	at net.mamoe.mirai.internal.MiraiImplKt._MiraiImpl_static_init(MiraiImpl.kt:25)
	at net.mamoe.mirai.internal.MiraiImpl.<clinit>(MiraiImpl.kt:87)
	at java.base/jdk.internal.misc.Unsafe.ensureClassInitialized0(Native Method)
	at java.base/jdk.internal.misc.Unsafe.ensureClassInitialized(Unsafe.java:1160)
	at java.base/jdk.internal.reflect.MethodHandleAccessorFactory.ensureClassInitialized(MethodHandleAccessorFactory.java:300)
	at java.base/jdk.internal.reflect.MethodHandleAccessorFactory.newConstructorAccessor(MethodHandleAccessorFactory.java:103)
	at java.base/jdk.internal.reflect.ReflectionFactory.newConstructorAccessor(ReflectionFactory.java:236)
	at java.base/java.lang.reflect.Constructor.acquireConstructorAccessor(Constructor.java:546)
	at java.base/java.lang.reflect.Constructor.newInstanceWithCaller(Constructor.java:496)
	at java.base/java.lang.reflect.Constructor.newInstance(Constructor.java:483)
	at java.base/java.util.ServiceLoader$ProviderImpl.newInstance(ServiceLoader.java:789)
	... 29 more
Caused by: java.lang.NoClassDefFoundError: net/mamoe/mirai/internal/deps/io/ktor/client/engine/okhttp/OkHttp
	at net.mamoe.mirai.internal.MiraiImplKt.createDefaultHttpClient(MiraiImpl.kt:29)
	at net.mamoe.mirai.internal.MiraiImpl.<init>(MiraiImpl.kt:97)
	at java.base/jdk.internal.reflect.DirectConstructorHandleAccessor.newInstance(DirectConstructorHandleAccessor.java:67)
	at java.base/java.lang.reflect.Constructor.newInstanceWithCaller(Constructor.java:499)
	at java.base/java.lang.reflect.Constructor.newInstance(Constructor.java:483)
	at java.base/java.util.ServiceLoader$ProviderImpl.newInstance(ServiceLoader.java:789)
	... 51 more
Caused by: java.lang.ClassNotFoundException: net.mamoe.mirai.internal.deps.io.ktor.client.engine.okhttp.OkHttp
	at java.base/jdk.internal.loader.BuiltinClassLoader.loadClass(BuiltinClassLoader.java:641)
	at java.base/jdk.internal.loader.ClassLoaders$AppClassLoader.loadClass(ClassLoaders.java:188)
	at java.base/java.lang.ClassLoader.loadClass(ClassLoader.java:521)
	... 57 more

2022-12-03 15:47:32 E/main: Failed to init MiraiConsole.
java.lang.IllegalStateException: Exception while saving net.mamoe.mirai.console.internal.data.builtins.AutoLoginConfig@1948ea69, saveName=AutoLogin
	at net.mamoe.mirai.console.internal.data.MultiFilePluginDataStorageImpl.store(MultiFilePluginDataStorageImpl.kt:105)
	at net.mamoe.mirai.console.internal.data.MultiFilePluginDataStorageImpl.load(MultiFilePluginDataStorageImpl.kt:52)
	at net.mamoe.mirai.console.internal.data.builtins.ConsoleDataScopeImpl.addAndReloadConfig(ConsoleDataScopeImpl.kt:41)
	at net.mamoe.mirai.console.internal.MiraiConsoleImplementationBridge.doStart$mirai_console(MiraiConsoleImplementationBridge.kt:265)
	at net.mamoe.mirai.console.MiraiConsoleImplementation$Companion.start(MiraiConsoleImplementation.kt:508)
	at net.mamoe.mirai.console.terminal.MiraiConsoleTerminalLoader.startAsDaemon(MiraiConsoleTerminalLoader.kt:177)
	at net.mamoe.mirai.console.terminal.MiraiConsoleTerminalLoader.startAsDaemon$default(MiraiConsoleTerminalLoader.kt:176)
	at org.co2dice.mirai.plugin.RunMiraiKt.main(RunMirai.kt:10)
	at org.co2dice.mirai.plugin.RunMiraiKt$main$2.invoke(RunMirai.kt)
	at org.co2dice.mirai.plugin.RunMiraiKt$main$2.invoke(RunMirai.kt)
	at kotlin.coroutines.intrinsics.IntrinsicsKt__IntrinsicsJvmKt$createCoroutineUnintercepted$$inlined$createCoroutineFromSuspendFunction$IntrinsicsKt__IntrinsicsJvmKt$1.invokeSuspend(IntrinsicsJvm.kt:205)
	at kotlin.coroutines.jvm.internal.BaseContinuationImpl.resumeWith(ContinuationImpl.kt:33)
	at kotlin.coroutines.ContinuationKt.startCoroutine(Continuation.kt:115)
	at kotlin.coroutines.jvm.internal.RunSuspendKt.runSuspend(RunSuspend.kt:19)
	at org.co2dice.mirai.plugin.RunMiraiKt.main(RunMirai.kt)
Caused by: java.util.ServiceConfigurationError: net.mamoe.mirai.IMirai: Provider net.mamoe.mirai.internal.MiraiImpl could not be instantiated
	at java.base/java.util.ServiceLoader.fail(ServiceLoader.java:586)
	at java.base/java.util.ServiceLoader$ProviderImpl.newInstance(ServiceLoader.java:813)
	at java.base/java.util.ServiceLoader$ProviderImpl.get(ServiceLoader.java:729)
	at java.base/java.util.ServiceLoader$3.next(ServiceLoader.java:1403)
	at kotlin.collections.CollectionsKt___CollectionsKt.firstOrNull(_Collections.kt:272)
	at net.mamoe.mirai.utils.ServicesKt.loadService(Services.kt:18)
	at net.mamoe.mirai.Mirai.findMiraiInstance(IMirai.kt:357)
	at net.mamoe.mirai._MiraiInstance.get(IMirai.kt:348)
	at net.mamoe.mirai.Mirai.getInstance(IMirai.kt:39)
	at net.mamoe.mirai.internal.message.MessageSerializersImpl.getSerializersModule(MessageSerializersImpl.kt:65)
	at net.mamoe.mirai.message.MessageSerializers$INSTANCE.getSerializersModule(MessageSerializers.kt)
	at net.mamoe.mirai.console.internal.data.MultiFilePluginDataStorageImpl$store$2$1.invoke(MultiFilePluginDataStorageImpl.kt:96)
	at net.mamoe.mirai.console.internal.data.MultiFilePluginDataStorageImpl$store$2$1.invoke(MultiFilePluginDataStorageImpl.kt:95)
	at kotlinx.serialization.json.JsonKt.Json(Json.kt:138)
	at kotlinx.serialization.json.JsonKt.Json$default(Json.kt:136)
	at net.mamoe.mirai.console.internal.data.MultiFilePluginDataStorageImpl.store(MultiFilePluginDataStorageImpl.kt:95)
	... 14 more
Caused by: java.lang.NoClassDefFoundError: Could not initialize class net.mamoe.mirai.internal.MiraiImpl
	at java.base/jdk.internal.misc.Unsafe.allocateInstance(Native Method)
	at java.base/java.lang.invoke.DirectMethodHandle.allocateInstance(DirectMethodHandle.java:492)
	at java.base/jdk.internal.reflect.DirectConstructorHandleAccessor.newInstance(DirectConstructorHandleAccessor.java:67)
	at java.base/java.lang.reflect.Constructor.newInstanceWithCaller(Constructor.java:499)
	at java.base/java.lang.reflect.Constructor.newInstance(Constructor.java:483)
	at java.base/java.util.ServiceLoader$ProviderImpl.newInstance(ServiceLoader.java:789)
	... 28 more
Caused by: java.lang.ExceptionInInitializerError: Exception java.util.ServiceConfigurationError: net.mamoe.mirai.IMirai: Provider net.mamoe.mirai.internal.MiraiImpl could not be instantiated [in thread "main"]
	at java.base/java.util.ServiceLoader.fail(ServiceLoader.java:586)
	at java.base/java.util.ServiceLoader$ProviderImpl.newInstance(ServiceLoader.java:813)
	at java.base/java.util.ServiceLoader$ProviderImpl.get(ServiceLoader.java:729)
	at java.base/java.util.ServiceLoader$3.next(ServiceLoader.java:1403)
	at kotlin.collections.CollectionsKt___CollectionsKt.firstOrNull(_Collections.kt:272)
	at net.mamoe.mirai.utils.ServicesKt.loadService(Services.kt:18)
	at net.mamoe.mirai.Mirai.findMiraiInstance(IMirai.kt:357)
	at net.mamoe.mirai._MiraiInstance.get(IMirai.kt:348)
	at net.mamoe.mirai.Mirai.getInstance(IMirai.kt:39)
	at net.mamoe.mirai.internal.message.MessageSerializersImpl.getSerializersModule(MessageSerializersImpl.kt:65)
	at net.mamoe.mirai.internal.message.MessageSerializersImpl.registerSerializers(MessageSerializersImpl.kt:76)
	at net.mamoe.mirai.message.MessageSerializers$INSTANCE.registerSerializers(MessageSerializers.kt)
	at net.mamoe.mirai.internal.message.protocol.MessageProtocolFacade.<clinit>(MessageProtocolFacade.kt:165)
	at net.mamoe.mirai.internal.MiraiImplKt._MiraiImpl_static_init(MiraiImpl.kt:25)
	at net.mamoe.mirai.internal.MiraiImpl.<clinit>(MiraiImpl.kt:87)
	at java.base/jdk.internal.misc.Unsafe.ensureClassInitialized0(Native Method)
	at java.base/jdk.internal.misc.Unsafe.ensureClassInitialized(Unsafe.java:1160)
	at java.base/jdk.internal.reflect.MethodHandleAccessorFactory.ensureClassInitialized(MethodHandleAccessorFactory.java:300)
	at java.base/jdk.internal.reflect.MethodHandleAccessorFactory.newConstructorAccessor(MethodHandleAccessorFactory.java:103)
	at java.base/jdk.internal.reflect.ReflectionFactory.newConstructorAccessor(ReflectionFactory.java:236)
	at java.base/java.lang.reflect.Constructor.acquireConstructorAccessor(Constructor.java:546)
	at java.base/java.lang.reflect.Constructor.newInstanceWithCaller(Constructor.java:496)
	at java.base/java.lang.reflect.Constructor.newInstance(Constructor.java:483)
	at java.base/java.util.ServiceLoader$ProviderImpl.newInstance(ServiceLoader.java:789)
	at java.base/java.util.ServiceLoader$ProviderImpl.get(ServiceLoader.java:729)
	at java.base/java.util.ServiceLoader$3.next(ServiceLoader.java:1403)
	at kotlin.collections.CollectionsKt___CollectionsKt.firstOrNull(_Collections.kt:272)
	at net.mamoe.mirai.utils.ServicesKt.loadService(Services.kt:18)
	at net.mamoe.mirai.Mirai.findMiraiInstance(IMirai.kt:357)
	at net.mamoe.mirai._MiraiInstance.get(IMirai.kt:348)
	at net.mamoe.mirai.Mirai.getInstance(IMirai.kt:39)
	at net.mamoe.mirai.internal.message.MessageSerializersImpl.getSerializersModule(MessageSerializersImpl.kt:65)
	at net.mamoe.mirai.message.MessageSerializers$INSTANCE.getSerializersModule(MessageSerializers.kt)
	at net.mamoe.mirai.console.internal.data.MultiFilePluginDataStorageImpl$createYaml$1.invoke(MultiFilePluginDataStorageImpl.kt:114)
	at net.mamoe.mirai.console.internal.data.MultiFilePluginDataStorageImpl$createYaml$1.invoke(MultiFilePluginDataStorageImpl.kt:112)
	at net.mamoe.yamlkt.YamlKt.Yaml(Yaml.kt:242)
	at net.mamoe.yamlkt.YamlKt.Yaml$default(Yaml.kt:240)
	at net.mamoe.mirai.console.internal.data.MultiFilePluginDataStorageImpl.createYaml(MultiFilePluginDataStorageImpl.kt:112)
	at net.mamoe.mirai.console.internal.data.MultiFilePluginDataStorageImpl.store(MultiFilePluginDataStorageImpl.kt:85)
	... 14 more

